[ 2018-01-16T16:31:17+08:00 ] 127.0.0.1 /Public/reslogjs/jquery-1.7.2.min.js
INFO: [ app_init ] --START--
INFO: Run Behavior\BuildLiteBehavior [ RunTime:0.000035s ]
INFO: [ app_init ] --END-- [ RunTime:0.000943s ]
ERR: 无法加载模块:Public

[ 2018-01-16T16:31:18+08:00 ] 127.0.0.1 /Public/reslogjs/jquery.ipicture.js
INFO: [ app_init ] --START--
INFO: Run Behavior\BuildLiteBehavior [ RunTime:0.000029s ]
INFO: [ app_init ] --END-- [ RunTime:0.000755s ]
ERR: 无法加载模块:Public

[ 2018-01-16T16:31:18+08:00 ] 127.0.0.1 /Public/reslogjs/laydate.js
INFO: [ app_init ] --START--
INFO: Run Behavior\BuildLiteBehavior [ RunTime:0.000086s ]
INFO: [ app_init ] --END-- [ RunTime:0.002837s ]
ERR: 无法加载模块:Public

[ 2018-01-16T16:31:17+08:00 ] 127.0.0.1 /Public/reslogjs/jquery.date_input.pack.js
INFO: [ app_init ] --START--
INFO: Run Behavior\BuildLiteBehavior [ RunTime:0.000029s ]
INFO: [ app_init ] --END-- [ RunTime:0.000714s ]
ERR: 无法加载模块:Public

[ 2018-01-16T16:31:17+08:00 ] 127.0.0.1 /Public/resloglayer/2.4/layer.js
INFO: [ app_init ] --START--
INFO: Run Behavior\BuildLiteBehavior [ RunTime:0.000031s ]
INFO: [ app_init ] --END-- [ RunTime:0.000709s ]
ERR: 无法加载模块:Public

[ 2018-01-16T16:31:18+08:00 ] 127.0.0.1 /Public/reslogjs/laydate.js
INFO: [ app_init ] --START--
INFO: Run Behavior\BuildLiteBehavior [ RunTime:0.000032s ]
INFO: [ app_init ] --END-- [ RunTime:0.001790s ]
ERR: 无法加载模块:Public

[ 2018-01-16T16:31:18+08:00 ] 127.0.0.1 /Public/reslogjs/jquery.ipicture.js
INFO: [ app_init ] --START--
INFO: Run Behavior\BuildLiteBehavior [ RunTime:0.000037s ]
INFO: [ app_init ] --END-- [ RunTime:0.004365s ]
ERR: 无法加载模块:Public

[ 2018-01-16T16:33:23+08:00 ] 127.0.0.1 /Public/reslog/js/theme/default/laydate.css?v=5.0.5
INFO: [ app_init ] --START--
INFO: Run Behavior\BuildLiteBehavior [ RunTime:0.000033s ]
INFO: [ app_init ] --END-- [ RunTime:0.001428s ]
ERR: 无法加载模块:Public

[ 2018-01-16T16:42:02+08:00 ] 127.0.0.1 /Public/reslog/js/theme/default/laydate.css?v=5.0.5
INFO: [ app_init ] --START--
INFO: Run Behavior\BuildLiteBehavior [ RunTime:0.000030s ]
INFO: [ app_init ] --END-- [ RunTime:0.000770s ]
ERR: 无法加载模块:Public

[ 2018-01-16T16:45:31+08:00 ] 127.0.0.1 /Public/reslog/js/theme/default/laydate.css?v=5.0.5
INFO: [ app_init ] --START--
INFO: Run Behavior\BuildLiteBehavior [ RunTime:0.000068s ]
INFO: [ app_init ] --END-- [ RunTime:0.001124s ]
ERR: 无法加载模块:Public

[ 2018-01-16T16:53:52+08:00 ] 127.0.0.1 /Public/reslog/js/theme/default/laydate.css?v=5.0.5
INFO: [ app_init ] --START--
INFO: Run Behavior\BuildLiteBehavior [ RunTime:0.000038s ]
INFO: [ app_init ] --END-- [ RunTime:0.001050s ]
ERR: 无法加载模块:Public

[ 2018-01-16T16:54:49+08:00 ] 127.0.0.1 /Public/reslog/js/theme/default/laydate.css?v=5.0.5
INFO: [ app_init ] --START--
INFO: Run Behavior\BuildLiteBehavior [ RunTime:0.000037s ]
INFO: [ app_init ] --END-- [ RunTime:0.001045s ]
ERR: 无法加载模块:Public

[ 2018-01-16T16:55:24+08:00 ] 127.0.0.1 /Public/reslog/js/theme/default/laydate.css?v=5.0.5
INFO: [ app_init ] --START--
INFO: Run Behavior\BuildLiteBehavior [ RunTime:0.000035s ]
INFO: [ app_init ] --END-- [ RunTime:0.002025s ]
ERR: 无法加载模块:Public

[ 2018-01-16T16:56:34+08:00 ] 127.0.0.1 /Public/reslog/js/theme/default/laydate.css?v=5.0.5
INFO: [ app_init ] --START--
INFO: Run Behavior\BuildLiteBehavior [ RunTime:0.000036s ]
INFO: [ app_init ] --END-- [ RunTime:0.001405s ]
ERR: 无法加载模块:Public

[ 2018-01-16T16:57:18+08:00 ] 127.0.0.1 /Public/reslog/js/theme/default/laydate.css?v=5.0.5
INFO: [ app_init ] --START--
INFO: Run Behavior\BuildLiteBehavior [ RunTime:0.000028s ]
INFO: [ app_init ] --END-- [ RunTime:0.000718s ]
ERR: 无法加载模块:Public

[ 2018-01-16T16:57:45+08:00 ] 127.0.0.1 /Public/reslog/js/theme/default/laydate.css?v=5.0.5
INFO: [ app_init ] --START--
INFO: Run Behavior\BuildLiteBehavior [ RunTime:0.000281s ]
INFO: [ app_init ] --END-- [ RunTime:0.002767s ]
ERR: 无法加载模块:Public

[ 2018-01-16T17:00:18+08:00 ] 127.0.0.1 /Public/reslog/js/theme/default/laydate.css?v=5.0.5
INFO: [ app_init ] --START--
INFO: Run Behavior\BuildLiteBehavior [ RunTime:0.000035s ]
INFO: [ app_init ] --END-- [ RunTime:0.000944s ]
ERR: 无法加载模块:Public

[ 2018-01-16T17:01:20+08:00 ] 127.0.0.1 /Public/reslog/js/theme/default/laydate.css?v=5.0.5
INFO: [ app_init ] --START--
INFO: Run Behavior\BuildLiteBehavior [ RunTime:0.000034s ]
INFO: [ app_init ] --END-- [ RunTime:0.001148s ]
ERR: 无法加载模块:Public

[ 2018-01-16T17:06:11+08:00 ] 127.0.0.1 /Public/reslog/js/theme/default/laydate.css?v=5.0.5
INFO: [ app_init ] --START--
INFO: Run Behavior\BuildLiteBehavior [ RunTime:0.000035s ]
INFO: [ app_init ] --END-- [ RunTime:0.001382s ]
ERR: 无法加载模块:Public

[ 2018-01-16T17:06:36+08:00 ] 127.0.0.1 /Public/reslog/js/theme/default/laydate.css?v=5.0.5
INFO: [ app_init ] --START--
INFO: Run Behavior\BuildLiteBehavior [ RunTime:0.000032s ]
INFO: [ app_init ] --END-- [ RunTime:0.001050s ]
ERR: 无法加载模块:Public

[ 2018-01-16T17:07:18+08:00 ] 127.0.0.1 /Public/reslog/js/theme/default/laydate.css?v=5.0.5
INFO: [ app_init ] --START--
INFO: Run Behavior\BuildLiteBehavior [ RunTime:0.000033s ]
INFO: [ app_init ] --END-- [ RunTime:0.000841s ]
ERR: 无法加载模块:Public

[ 2018-01-16T19:20:47+08:00 ] 127.0.0.1 /Public/reslog/js/theme/default/laydate.css?v=5.0.5
INFO: [ app_init ] --START--
INFO: Run Behavior\BuildLiteBehavior [ RunTime:0.000031s ]
INFO: [ app_init ] --END-- [ RunTime:0.001092s ]
ERR: 无法加载模块:Public

[ 2018-01-16T19:20:48+08:00 ] 127.0.0.1 /favicon.ico
INFO: [ app_init ] --START--
INFO: Run Behavior\BuildLiteBehavior [ RunTime:0.000033s ]
INFO: [ app_init ] --END-- [ RunTime:0.000939s ]
ERR: 无法加载模块:Favicon

[ 2018-01-16T19:21:03+08:00 ] 127.0.0.1 /Public/reslog/js/theme/default/laydate.css?v=5.0.5
INFO: [ app_init ] --START--
INFO: Run Behavior\BuildLiteBehavior [ RunTime:0.000106s ]
INFO: [ app_init ] --END-- [ RunTime:0.004367s ]
ERR: 无法加载模块:Public

[ 2018-01-16T19:22:18+08:00 ] 127.0.0.1 /Public/reslog/js/theme/default/laydate.css?v=5.0.5
INFO: [ app_init ] --START--
INFO: Run Behavior\BuildLiteBehavior [ RunTime:0.000036s ]
INFO: [ app_init ] --END-- [ RunTime:0.001120s ]
ERR: 无法加载模块:Public

[ 2018-01-16T19:23:12+08:00 ] 127.0.0.1 /Public/reslog/js/theme/default/laydate.css?v=5.0.5
INFO: [ app_init ] --START--
INFO: Run Behavior\BuildLiteBehavior [ RunTime:0.000029s ]
INFO: [ app_init ] --END-- [ RunTime:0.000689s ]
ERR: 无法加载模块:Public

[ 2018-01-16T19:23:12+08:00 ] 127.0.0.1 /favicon.ico
INFO: [ app_init ] --START--
INFO: Run Behavior\BuildLiteBehavior [ RunTime:0.000032s ]
INFO: [ app_init ] --END-- [ RunTime:0.000797s ]
ERR: 无法加载模块:Favicon

[ 2018-01-16T19:25:16+08:00 ] 127.0.0.1 /Public/reslog/js/theme/default/laydate.css?v=5.0.5
INFO: [ app_init ] --START--
INFO: Run Behavior\BuildLiteBehavior [ RunTime:0.000035s ]
INFO: [ app_init ] --END-- [ RunTime:0.001298s ]
ERR: 无法加载模块:Public

